Loading CRC cohorts ...
  X=(1644, 935)  classes=['CRC', 'adenoma', 'carcinoma_surgery_history', 'control']  studies=11

== xgb-baseline ==
  FengQ_2015         bacc=0.5085 f1=0.4322
/home/rvalenciaaz/.local/share/mamba/envs/biomevae/lib/python3.11/site-packages/sklearn/metrics/_classification.py:2924: UserWarning: y_pred contains classes not in y_true
  warnings.warn("y_pred contains classes not in y_true")
/home/rvalenciaaz/.local/share/mamba/envs/biomevae/lib/python3.11/site-packages/sklearn/metrics/_classification.py:2924: UserWarning: y_pred contains classes not in y_true
  warnings.warn("y_pred contains classes not in y_true")
/home/rvalenciaaz/.local/share/mamba/envs/biomevae/lib/python3.11/site-packages/sklearn/metrics/_classification.py:2924: UserWarning: y_pred contains classes not in y_true
  warnings.warn("y_pred contains classes not in y_true")
  VogtmannE_2016     bacc=0.6314 f1=0.4348
  ZellerG_2014       bacc=0.4869 f1=0.4086
/home/rvalenciaaz/.local/share/mamba/envs/biomevae/lib/python3.11/site-packages/sklearn/metrics/_classification.py:2924: UserWarning: y_pred contains classes not in y_true
  warnings.warn("y_pred contains classes not in y_true")
  YuJ_2015           bacc=0.7513 f1=0.6663
/home/rvalenciaaz/.local/share/mamba/envs/biomevae/lib/python3.11/site-packages/sklearn/metrics/_classification.py:2924: UserWarning: y_pred contains classes not in y_true
  warnings.warn("y_pred contains classes not in y_true")
/home/rvalenciaaz/.local/share/mamba/envs/biomevae/lib/python3.11/site-packages/sklearn/metrics/_classification.py:2924: UserWarning: y_pred contains classes not in y_true
  warnings.warn("y_pred contains classes not in y_true")
/home/rvalenciaaz/.local/share/mamba/envs/biomevae/lib/python3.11/site-packages/sklearn/metrics/_classification.py:2924: UserWarning: y_pred contains classes not in y_true
  warnings.warn("y_pred contains classes not in y_true")
  WirbelJ_2018       bacc=0.7536 f1=0.5200
  YachidaS_2019      bacc=0.3433 f1=0.3102
  ThomasAM_2018a     bacc=0.4937 f1=0.3996
/home/rvalenciaaz/.local/share/mamba/envs/biomevae/lib/python3.11/site-packages/sklearn/metrics/_classification.py:2924: UserWarning: y_pred contains classes not in y_true
  warnings.warn("y_pred contains classes not in y_true")
/home/rvalenciaaz/.local/share/mamba/envs/biomevae/lib/python3.11/site-packages/sklearn/metrics/_classification.py:2924: UserWarning: y_pred contains classes not in y_true
  warnings.warn("y_pred contains classes not in y_true")
  ThomasAM_2018b     bacc=0.6964 f1=0.5292
  ThomasAM_2019_c    bacc=1.0000 f1=1.0000
  HanniganGD_2017    bacc=0.3648 f1=0.2925
/home/rvalenciaaz/.local/share/mamba/envs/biomevae/lib/python3.11/site-packages/sklearn/metrics/_classification.py:2924: UserWarning: y_pred contains classes not in y_true
  warnings.warn("y_pred contains classes not in y_true")
/home/rvalenciaaz/.local/share/mamba/envs/biomevae/lib/python3.11/site-packages/sklearn/metrics/_classification.py:2924: UserWarning: y_pred contains classes not in y_true
  warnings.warn("y_pred contains classes not in y_true")
/home/rvalenciaaz/.local/share/mamba/envs/biomevae/lib/python3.11/site-packages/sklearn/metrics/_classification.py:2924: UserWarning: y_pred contains classes not in y_true
  warnings.warn("y_pred contains classes not in y_true")
  GuptaA_2019        bacc=0.7500 f1=0.5065
  xgb-baseline MEAN bacc=0.6164 f1=0.5000

== capda-vae ==
/home/rvalenciaaz/.local/share/mamba/envs/biomevae/lib/python3.11/site-packages/sklearn/metrics/_classification.py:2924: UserWarning: y_pred contains classes not in y_true
  warnings.warn("y_pred contains classes not in y_true")
  FengQ_2015         bacc=0.4239 f1=0.3774
/home/rvalenciaaz/.local/share/mamba/envs/biomevae/lib/python3.11/site-packages/sklearn/metrics/_classification.py:2924: UserWarning: y_pred contains classes not in y_true
  warnings.warn("y_pred contains classes not in y_true")
/home/rvalenciaaz/.local/share/mamba/envs/biomevae/lib/python3.11/site-packages/sklearn/metrics/_classification.py:2924: UserWarning: y_pred contains classes not in y_true
  warnings.warn("y_pred contains classes not in y_true")
/home/rvalenciaaz/.local/share/mamba/envs/biomevae/lib/python3.11/site-packages/sklearn/metrics/_classification.py:2924: UserWarning: y_pred contains classes not in y_true
  warnings.warn("y_pred contains classes not in y_true")
  VogtmannE_2016     bacc=0.4840 f1=0.2537
  ZellerG_2014       bacc=0.4465 f1=0.4021
/home/rvalenciaaz/.local/share/mamba/envs/biomevae/lib/python3.11/site-packages/sklearn/metrics/_classification.py:2924: UserWarning: y_pred contains classes not in y_true
  warnings.warn("y_pred contains classes not in y_true")
/home/rvalenciaaz/.local/share/mamba/envs/biomevae/lib/python3.11/site-packages/sklearn/metrics/_classification.py:2924: UserWarning: y_pred contains classes not in y_true
  warnings.warn("y_pred contains classes not in y_true")
/home/rvalenciaaz/.local/share/mamba/envs/biomevae/lib/python3.11/site-packages/sklearn/metrics/_classification.py:2924: UserWarning: y_pred contains classes not in y_true
  warnings.warn("y_pred contains classes not in y_true")
  YuJ_2015           bacc=0.5683 f1=0.3768
/home/rvalenciaaz/.local/share/mamba/envs/biomevae/lib/python3.11/site-packages/sklearn/metrics/_classification.py:2924: UserWarning: y_pred contains classes not in y_true
  warnings.warn("y_pred contains classes not in y_true")
/home/rvalenciaaz/.local/share/mamba/envs/biomevae/lib/python3.11/site-packages/sklearn/metrics/_classification.py:2924: UserWarning: y_pred contains classes not in y_true
  warnings.warn("y_pred contains classes not in y_true")
/home/rvalenciaaz/.local/share/mamba/envs/biomevae/lib/python3.11/site-packages/sklearn/metrics/_classification.py:2924: UserWarning: y_pred contains classes not in y_true
  warnings.warn("y_pred contains classes not in y_true")
  WirbelJ_2018       bacc=0.4947 f1=0.3617
  YachidaS_2019      bacc=0.3286 f1=0.3067
  ThomasAM_2018a     bacc=0.4104 f1=0.3732
/home/rvalenciaaz/.local/share/mamba/envs/biomevae/lib/python3.11/site-packages/sklearn/metrics/_classification.py:2924: UserWarning: y_pred contains classes not in y_true
  warnings.warn("y_pred contains classes not in y_true")
/home/rvalenciaaz/.local/share/mamba/envs/biomevae/lib/python3.11/site-packages/sklearn/metrics/_classification.py:2924: UserWarning: y_pred contains classes not in y_true
  warnings.warn("y_pred contains classes not in y_true")
/home/rvalenciaaz/.local/share/mamba/envs/biomevae/lib/python3.11/site-packages/sklearn/metrics/_classification.py:2924: UserWarning: y_pred contains classes not in y_true
  warnings.warn("y_pred contains classes not in y_true")
  ThomasAM_2018b     bacc=0.4940 f1=0.3766
  ThomasAM_2019_c    bacc=1.0000 f1=1.0000
  HanniganGD_2017    bacc=0.3355 f1=0.3192
/home/rvalenciaaz/.local/share/mamba/envs/biomevae/lib/python3.11/site-packages/sklearn/metrics/_classification.py:2924: UserWarning: y_pred contains classes not in y_true
  warnings.warn("y_pred contains classes not in y_true")
/home/rvalenciaaz/.local/share/mamba/envs/biomevae/lib/python3.11/site-packages/sklearn/metrics/_classification.py:2924: UserWarning: y_pred contains classes not in y_true
  warnings.warn("y_pred contains classes not in y_true")
/home/rvalenciaaz/.local/share/mamba/envs/biomevae/lib/python3.11/site-packages/sklearn/metrics/_classification.py:2924: UserWarning: y_pred contains classes not in y_true
  warnings.warn("y_pred contains classes not in y_true")
  GuptaA_2019        bacc=0.5222 f1=0.4021
  capda-vae MEAN bacc=0.5007 f1=0.4136

== capda-vae-head ==
/home/rvalenciaaz/.local/share/mamba/envs/biomevae/lib/python3.11/site-packages/sklearn/metrics/_classification.py:2924: UserWarning: y_pred contains classes not in y_true
  warnings.warn("y_pred contains classes not in y_true")
/home/rvalenciaaz/.local/share/mamba/envs/biomevae/lib/python3.11/site-packages/sklearn/metrics/_classification.py:2924: UserWarning: y_pred contains classes not in y_true
  warnings.warn("y_pred contains classes not in y_true")
  FengQ_2015         bacc=0.3915 f1=0.3303
/home/rvalenciaaz/.local/share/mamba/envs/biomevae/lib/python3.11/site-packages/sklearn/metrics/_classification.py:2924: UserWarning: y_pred contains classes not in y_true
  warnings.warn("y_pred contains classes not in y_true")
/home/rvalenciaaz/.local/share/mamba/envs/biomevae/lib/python3.11/site-packages/sklearn/metrics/_classification.py:2924: UserWarning: y_pred contains classes not in y_true
  warnings.warn("y_pred contains classes not in y_true")
/home/rvalenciaaz/.local/share/mamba/envs/biomevae/lib/python3.11/site-packages/sklearn/metrics/_classification.py:2924: UserWarning: y_pred contains classes not in y_true
  warnings.warn("y_pred contains classes not in y_true")
  VogtmannE_2016     bacc=0.4167 f1=0.2408
/home/rvalenciaaz/.local/share/mamba/envs/biomevae/lib/python3.11/site-packages/sklearn/metrics/_classification.py:2924: UserWarning: y_pred contains classes not in y_true
  warnings.warn("y_pred contains classes not in y_true")
/home/rvalenciaaz/.local/share/mamba/envs/biomevae/lib/python3.11/site-packages/sklearn/metrics/_classification.py:2924: UserWarning: y_pred contains classes not in y_true
  warnings.warn("y_pred contains classes not in y_true")
  ZellerG_2014       bacc=0.4598 f1=0.3688
/home/rvalenciaaz/.local/share/mamba/envs/biomevae/lib/python3.11/site-packages/sklearn/metrics/_classification.py:2924: UserWarning: y_pred contains classes not in y_true
  warnings.warn("y_pred contains classes not in y_true")
/home/rvalenciaaz/.local/share/mamba/envs/biomevae/lib/python3.11/site-packages/sklearn/metrics/_classification.py:2924: UserWarning: y_pred contains classes not in y_true
  warnings.warn("y_pred contains classes not in y_true")
/home/rvalenciaaz/.local/share/mamba/envs/biomevae/lib/python3.11/site-packages/sklearn/metrics/_classification.py:2924: UserWarning: y_pred contains classes not in y_true
  warnings.warn("y_pred contains classes not in y_true")
  YuJ_2015           bacc=0.4793 f1=0.2773
/home/rvalenciaaz/.local/share/mamba/envs/biomevae/lib/python3.11/site-packages/sklearn/metrics/_classification.py:2924: UserWarning: y_pred contains classes not in y_true
  warnings.warn("y_pred contains classes not in y_true")
/home/rvalenciaaz/.local/share/mamba/envs/biomevae/lib/python3.11/site-packages/sklearn/metrics/_classification.py:2924: UserWarning: y_pred contains classes not in y_true
  warnings.warn("y_pred contains classes not in y_true")
/home/rvalenciaaz/.local/share/mamba/envs/biomevae/lib/python3.11/site-packages/sklearn/metrics/_classification.py:2924: UserWarning: y_pred contains classes not in y_true
  warnings.warn("y_pred contains classes not in y_true")
  WirbelJ_2018       bacc=0.4291 f1=0.2937
  YachidaS_2019      bacc=0.3061 f1=0.2906
/home/rvalenciaaz/.local/share/mamba/envs/biomevae/lib/python3.11/site-packages/sklearn/metrics/_classification.py:2924: UserWarning: y_pred contains classes not in y_true
  warnings.warn("y_pred contains classes not in y_true")
/home/rvalenciaaz/.local/share/mamba/envs/biomevae/lib/python3.11/site-packages/sklearn/metrics/_classification.py:2924: UserWarning: y_pred contains classes not in y_true
  warnings.warn("y_pred contains classes not in y_true")
  ThomasAM_2018a     bacc=0.4242 f1=0.3391
/home/rvalenciaaz/.local/share/mamba/envs/biomevae/lib/python3.11/site-packages/sklearn/metrics/_classification.py:2924: UserWarning: y_pred contains classes not in y_true
  warnings.warn("y_pred contains classes not in y_true")
/home/rvalenciaaz/.local/share/mamba/envs/biomevae/lib/python3.11/site-packages/sklearn/metrics/_classification.py:2924: UserWarning: y_pred contains classes not in y_true
  warnings.warn("y_pred contains classes not in y_true")
/home/rvalenciaaz/.local/share/mamba/envs/biomevae/lib/python3.11/site-packages/sklearn/metrics/_classification.py:2924: UserWarning: y_pred contains classes not in y_true
  warnings.warn("y_pred contains classes not in y_true")
  ThomasAM_2018b     bacc=0.4092 f1=0.2555
/home/rvalenciaaz/.local/share/mamba/envs/biomevae/lib/python3.11/site-packages/sklearn/metrics/_classification.py:2924: UserWarning: y_pred contains classes not in y_true
  warnings.warn("y_pred contains classes not in y_true")
/home/rvalenciaaz/.local/share/mamba/envs/biomevae/lib/python3.11/site-packages/sklearn/metrics/_classification.py:2924: UserWarning: y_pred contains classes not in y_true
  warnings.warn("y_pred contains classes not in y_true")
/home/rvalenciaaz/.local/share/mamba/envs/biomevae/lib/python3.11/site-packages/sklearn/metrics/_classification.py:2924: UserWarning: y_pred contains classes not in y_true
  warnings.warn("y_pred contains classes not in y_true")
  ThomasAM_2019_c    bacc=0.7542 f1=0.3894
  HanniganGD_2017    bacc=0.3751 f1=0.3376
/home/rvalenciaaz/.local/share/mamba/envs/biomevae/lib/python3.11/site-packages/sklearn/metrics/_classification.py:2924: UserWarning: y_pred contains classes not in y_true
  warnings.warn("y_pred contains classes not in y_true")
/home/rvalenciaaz/.local/share/mamba/envs/biomevae/lib/python3.11/site-packages/sklearn/metrics/_classification.py:2924: UserWarning: y_pred contains classes not in y_true
  warnings.warn("y_pred contains classes not in y_true")
/home/rvalenciaaz/.local/share/mamba/envs/biomevae/lib/python3.11/site-packages/sklearn/metrics/_classification.py:2924: UserWarning: y_pred contains classes not in y_true
  warnings.warn("y_pred contains classes not in y_true")
  GuptaA_2019        bacc=0.4167 f1=0.2966
  capda-vae-head MEAN bacc=0.4420 f1=0.3109

==== SUMMARY ====
               balanced_accuracy                      f1_macro                    
                            mean    median       std      mean    median       std
model                                                                             
capda-vae               0.500745  0.483974  0.181266  0.413577  0.376551  0.199602
capda-vae-head          0.441981  0.416667  0.112914  0.310888  0.296650  0.046294
xgb-baseline            0.616364  0.631410  0.197475  0.499990  0.434768  0.196292
