Loading CRC cohorts ...
  X=(1644, 935)  classes=['CRC', 'adenoma', 'carcinoma_surgery_history', 'control']  studies=11

== capda-vae-multiview ==
  FengQ_2015         bacc=0.4941 f1=0.4134
/home/rvalenciaaz/.local/share/mamba/envs/biomevae/lib/python3.11/site-packages/sklearn/metrics/_classification.py:2924: UserWarning: y_pred contains classes not in y_true
  warnings.warn("y_pred contains classes not in y_true")
/home/rvalenciaaz/.local/share/mamba/envs/biomevae/lib/python3.11/site-packages/sklearn/metrics/_classification.py:2924: UserWarning: y_pred contains classes not in y_true
  warnings.warn("y_pred contains classes not in y_true")
/home/rvalenciaaz/.local/share/mamba/envs/biomevae/lib/python3.11/site-packages/sklearn/metrics/_classification.py:2924: UserWarning: y_pred contains classes not in y_true
  warnings.warn("y_pred contains classes not in y_true")
  VogtmannE_2016     bacc=0.6699 f1=0.4536
  ZellerG_2014       bacc=0.4999 f1=0.4213
/home/rvalenciaaz/.local/share/mamba/envs/biomevae/lib/python3.11/site-packages/sklearn/metrics/_classification.py:2924: UserWarning: y_pred contains classes not in y_true
  warnings.warn("y_pred contains classes not in y_true")
  YuJ_2015           bacc=0.7549 f1=0.6694
/home/rvalenciaaz/.local/share/mamba/envs/biomevae/lib/python3.11/site-packages/sklearn/metrics/_classification.py:2924: UserWarning: y_pred contains classes not in y_true
  warnings.warn("y_pred contains classes not in y_true")
/home/rvalenciaaz/.local/share/mamba/envs/biomevae/lib/python3.11/site-packages/sklearn/metrics/_classification.py:2924: UserWarning: y_pred contains classes not in y_true
  warnings.warn("y_pred contains classes not in y_true")
/home/rvalenciaaz/.local/share/mamba/envs/biomevae/lib/python3.11/site-packages/sklearn/metrics/_classification.py:2924: UserWarning: y_pred contains classes not in y_true
  warnings.warn("y_pred contains classes not in y_true")
  WirbelJ_2018       bacc=0.7551 f1=0.5109
  YachidaS_2019      bacc=0.3458 f1=0.3119
  ThomasAM_2018a     bacc=0.4628 f1=0.3681
/home/rvalenciaaz/.local/share/mamba/envs/biomevae/lib/python3.11/site-packages/sklearn/metrics/_classification.py:2924: UserWarning: y_pred contains classes not in y_true
  warnings.warn("y_pred contains classes not in y_true")
  ThomasAM_2018b     bacc=0.6905 f1=0.6005
  ThomasAM_2019_c    bacc=1.0000 f1=1.0000
  HanniganGD_2017    bacc=0.3667 f1=0.2486
/home/rvalenciaaz/.local/share/mamba/envs/biomevae/lib/python3.11/site-packages/sklearn/metrics/_classification.py:2924: UserWarning: y_pred contains classes not in y_true
  warnings.warn("y_pred contains classes not in y_true")
  GuptaA_2019        bacc=0.7722 f1=0.6894
  capda-vae-multiview MEAN bacc=0.6193 f1=0.5170

==== SUMMARY ====
                    balanced_accuracy                     f1_macro                    
                                 mean    median       std     mean    median       std
model                                                                                 
capda-vae-multiview          0.619265  0.669872  0.201451  0.51702  0.453604  0.212938
