Loading CRC cohorts ...
  X=(1644, 935)  classes=['CRC', 'adenoma', 'carcinoma_surgery_history', 'control']  studies=11

== capda-vae-oof-probs-cov-clr-ens ==
  FengQ_2015         bacc=0.4866 f1=0.4188
/home/rvalenciaaz/.local/share/mamba/envs/biomevae/lib/python3.11/site-packages/sklearn/metrics/_classification.py:2924: UserWarning: y_pred contains classes not in y_true
  warnings.warn("y_pred contains classes not in y_true")
  VogtmannE_2016     bacc=0.6635 f1=0.4464
  ZellerG_2014       bacc=0.5125 f1=0.4308
/home/rvalenciaaz/.local/share/mamba/envs/biomevae/lib/python3.11/site-packages/sklearn/metrics/_classification.py:2924: UserWarning: y_pred contains classes not in y_true
  warnings.warn("y_pred contains classes not in y_true")
  YuJ_2015           bacc=0.7740 f1=0.5154
/home/rvalenciaaz/.local/share/mamba/envs/biomevae/lib/python3.11/site-packages/sklearn/metrics/_classification.py:2924: UserWarning: y_pred contains classes not in y_true
  warnings.warn("y_pred contains classes not in y_true")
  WirbelJ_2018       bacc=0.7622 f1=0.5155
  YachidaS_2019      bacc=0.3504 f1=0.3162
  ThomasAM_2018a     bacc=0.4497 f1=0.3605
  ThomasAM_2018b     bacc=0.7165 f1=0.6875
  ThomasAM_2019_c    bacc=1.0000 f1=1.0000
  HanniganGD_2017    bacc=0.3474 f1=0.2552
  GuptaA_2019        bacc=0.7833 f1=0.7833
  capda-vae-oof-probs-cov-clr-ens MEAN bacc=0.6224 f1=0.5209

==== SUMMARY ====
                                balanced_accuracy                     f1_macro                    
                                             mean    median       std     mean    median       std
model                                                                                             
capda-vae-oof-probs-cov-clr-ens          0.622383  0.663462  0.207719  0.52086  0.446415  0.221027
