Loading CRC cohorts ...
  X=(1644, 935)  classes=['CRC', 'adenoma', 'carcinoma_surgery_history', 'control']  studies=11

== capda-vae-oof-probs-cov-ens ==
  FengQ_2015         bacc=0.5156 f1=0.4452
/home/rvalenciaaz/.local/share/mamba/envs/biomevae/lib/python3.11/site-packages/sklearn/metrics/_classification.py:2924: UserWarning: y_pred contains classes not in y_true
  warnings.warn("y_pred contains classes not in y_true")
  VogtmannE_2016     bacc=0.6538 f1=0.4388
  ZellerG_2014       bacc=0.4773 f1=0.3999
/home/rvalenciaaz/.local/share/mamba/envs/biomevae/lib/python3.11/site-packages/sklearn/metrics/_classification.py:2924: UserWarning: y_pred contains classes not in y_true
  warnings.warn("y_pred contains classes not in y_true")
  YuJ_2015           bacc=0.7530 f1=0.5034
/home/rvalenciaaz/.local/share/mamba/envs/biomevae/lib/python3.11/site-packages/sklearn/metrics/_classification.py:2924: UserWarning: y_pred contains classes not in y_true
  warnings.warn("y_pred contains classes not in y_true")
  WirbelJ_2018       bacc=0.7397 f1=0.5055
  YachidaS_2019      bacc=0.3424 f1=0.3093
  ThomasAM_2018a     bacc=0.4521 f1=0.3602
/home/rvalenciaaz/.local/share/mamba/envs/biomevae/lib/python3.11/site-packages/sklearn/metrics/_classification.py:2924: UserWarning: y_pred contains classes not in y_true
  warnings.warn("y_pred contains classes not in y_true")
  ThomasAM_2018b     bacc=0.7299 f1=0.4771
  ThomasAM_2019_c    bacc=1.0000 f1=1.0000
  HanniganGD_2017    bacc=0.4083 f1=0.3176
  GuptaA_2019        bacc=0.7500 f1=0.7494
  capda-vae-oof-probs-cov-ens MEAN bacc=0.6202 f1=0.5006

==== SUMMARY ====
                            balanced_accuracy                      f1_macro                    
                                         mean    median       std      mean    median       std
model                                                                                          
capda-vae-oof-probs-cov-ens          0.620198  0.653846  0.196951  0.500573  0.445201  0.204622
