Loading CRC cohorts ...
  X=(1644, 935)  classes=['CRC', 'adenoma', 'carcinoma_surgery_history', 'control']  studies=11

== capda-vae-oof ==
  FengQ_2015         bacc=0.4892 f1=0.4109
/home/rvalenciaaz/.local/share/mamba/envs/biomevae/lib/python3.11/site-packages/sklearn/metrics/_classification.py:2924: UserWarning: y_pred contains classes not in y_true
  warnings.warn("y_pred contains classes not in y_true")
/home/rvalenciaaz/.local/share/mamba/envs/biomevae/lib/python3.11/site-packages/sklearn/metrics/_classification.py:2924: UserWarning: y_pred contains classes not in y_true
  warnings.warn("y_pred contains classes not in y_true")
/home/rvalenciaaz/.local/share/mamba/envs/biomevae/lib/python3.11/site-packages/sklearn/metrics/_classification.py:2924: UserWarning: y_pred contains classes not in y_true
  warnings.warn("y_pred contains classes not in y_true")
  VogtmannE_2016     bacc=0.6795 f1=0.4577
  ZellerG_2014       bacc=0.4901 f1=0.4096
/home/rvalenciaaz/.local/share/mamba/envs/biomevae/lib/python3.11/site-packages/sklearn/metrics/_classification.py:2924: UserWarning: y_pred contains classes not in y_true
  warnings.warn("y_pred contains classes not in y_true")
  YuJ_2015           bacc=0.7229 f1=0.6443
/home/rvalenciaaz/.local/share/mamba/envs/biomevae/lib/python3.11/site-packages/sklearn/metrics/_classification.py:2924: UserWarning: y_pred contains classes not in y_true
  warnings.warn("y_pred contains classes not in y_true")
/home/rvalenciaaz/.local/share/mamba/envs/biomevae/lib/python3.11/site-packages/sklearn/metrics/_classification.py:2924: UserWarning: y_pred contains classes not in y_true
  warnings.warn("y_pred contains classes not in y_true")
/home/rvalenciaaz/.local/share/mamba/envs/biomevae/lib/python3.11/site-packages/sklearn/metrics/_classification.py:2924: UserWarning: y_pred contains classes not in y_true
  warnings.warn("y_pred contains classes not in y_true")
  WirbelJ_2018       bacc=0.7812 f1=0.5252
  YachidaS_2019      bacc=0.3424 f1=0.3090
  ThomasAM_2018a     bacc=0.4880 f1=0.3894
/home/rvalenciaaz/.local/share/mamba/envs/biomevae/lib/python3.11/site-packages/sklearn/metrics/_classification.py:2924: UserWarning: y_pred contains classes not in y_true
  warnings.warn("y_pred contains classes not in y_true")
  ThomasAM_2018b     bacc=0.7240 f1=0.6252
  ThomasAM_2019_c    bacc=0.9833 f1=0.9833
  HanniganGD_2017    bacc=0.3546 f1=0.2375
/home/rvalenciaaz/.local/share/mamba/envs/biomevae/lib/python3.11/site-packages/sklearn/metrics/_classification.py:2924: UserWarning: y_pred contains classes not in y_true
  warnings.warn("y_pred contains classes not in y_true")
/home/rvalenciaaz/.local/share/mamba/envs/biomevae/lib/python3.11/site-packages/sklearn/metrics/_classification.py:2924: UserWarning: y_pred contains classes not in y_true
  warnings.warn("y_pred contains classes not in y_true")
  GuptaA_2019        bacc=0.7111 f1=0.5655
  capda-vae-oof MEAN bacc=0.6151 f1=0.5052

==== SUMMARY ====
              balanced_accuracy                      f1_macro                    
                           mean    median       std      mean    median       std
model                                                                            
capda-vae-oof          0.615125  0.679487  0.197445  0.505239  0.457704  0.202539
